Time 	 T[0]	T[1]	T[2]	T[3]	T[4]	T[5]	T[6]	T[7]	T[8]	T[9]	T[10]	T[11]	T[12]	T[13]	T[14]	T[15]	T[16]	T[17]	T[18]	T[19]	
1.275000e-02 	3.768326e+02 	3.060822e+02 	3.003322e+02 	3.000140e+02 	3.000005e+02 	3.000000e+02 	3.000000e+02 	3.000000e+02 	3.000000e+02 	3.000000e+02 	3.000000e+02 	3.000000e+02 	3.000000e+02 	3.000000e+02 	3.000000e+02 	3.000000e+02 	2.999990e+02 	2.999732e+02 	2.994714e+02 	2.930851e+02 	
5.050000e-02 	4.255668e+02 	3.189396e+02 	3.019895e+02 	3.001605e+02 	3.000105e+02 	3.000006e+02 	3.000000e+02 	3.000000e+02 	3.000000e+02 	3.000000e+02 	3.000000e+02 	3.000000e+02 	3.000000e+02 	3.000000e+02 	3.000000e+02 	2.999992e+02 	2.999870e+02 	2.998297e+02 	2.983214e+02 	2.886990e+02 	
1.132500e-01 	4.574719e+02 	3.339603e+02 	3.051916e+02 	3.006131e+02 	3.000590e+02 	3.000048e+02 	3.000003e+02 	3.000000e+02 	3.000000e+02 	3.000000e+02 	3.000000e+02 	3.000000e+02 	3.000000e+02 	3.000000e+02 	2.999996e+02 	2.999953e+02 	2.999483e+02 	2.995467e+02 	2.969710e+02 	2.858275e+02 	
2.010000e-01 	4.790979e+02 	3.489585e+02 	3.096826e+02 	3.014920e+02 	3.001880e+02 	3.000200e+02 	3.000019e+02 	3.000002e+02 	3.000000e+02 	3.000000e+02 	3.000000e+02 	3.000000e+02 	3.000000e+02 	2.999999e+02 	2.999984e+02 	2.999844e+02 	2.998717e+02 	2.991465e+02 	2.956200e+02 	2.838812e+02 	
3.137500e-01 	4.943020e+02 	3.629869e+02 	3.150886e+02 	3.028439e+02 	3.004406e+02 	3.000579e+02 	3.000066e+02 	3.000007e+02 	3.000001e+02 	3.000000e+02 	3.000000e+02 	3.000000e+02 	3.000000e+02 	2.999995e+02 	2.999953e+02 	2.999627e+02 	2.997526e+02 	2.986627e+02 	2.943553e+02 	2.825128e+02 	
4.515000e-01 	5.053911e+02 	3.757134e+02 	3.210606e+02 	3.046577e+02 	3.008514e+02 	3.001324e+02 	3.000179e+02 	3.000021e+02 	3.000002e+02 	3.000000e+02 	3.000000e+02 	3.000000e+02 	2.999998e+02 	2.999986e+02 	2.999889e+02 	2.999269e+02 	2.995917e+02 	2.981267e+02 	2.932075e+02 	2.815148e+02 	
6.142500e-01 	5.137691e+02 	3.870986e+02 	3.273198e+02 	3.068863e+02 	3.014434e+02 	3.002583e+02 	3.000403e+02 	3.000056e+02 	3.000007e+02 	3.000001e+02 	3.000000e+02 	2.999999e+02 	2.999996e+02 	2.999967e+02 	2.999781e+02 	2.998750e+02 	2.993932e+02 	2.975640e+02 	2.921805e+02 	2.807608e+02 	
8.020000e-01 	5.203074e+02 	3.972317e+02 	3.336614e+02 	3.094651e+02 	3.022271e+02 	3.004492e+02 	3.000791e+02 	3.000124e+02 	3.000017e+02 	3.000002e+02 	3.000000e+02 	2.999999e+02 	2.999990e+02 	2.999934e+02 	2.999616e+02 	2.998058e+02 	2.991628e+02 	2.969933e+02 	2.912664e+02 	2.801723e+02 	
1.014750e+00 	5.255593e+02 	4.062479e+02 	3.399437e+02 	3.123248e+02 	3.032027e+02 	3.007163e+02 	3.001403e+02 	3.000244e+02 	3.000038e+02 	3.000005e+02 	3.000000e+02 	2.999997e+02 	2.999980e+02 	2.999882e+02 	2.999383e+02 	2.997194e+02 	2.989068e+02 	2.964275e+02 	2.904530e+02 	2.796997e+02 	
1.252500e+00 	5.298843e+02 	4.142904e+02 	3.460740e+02 	3.153984e+02 	3.043621e+02 	3.010680e+02 	3.002297e+02 	3.000440e+02 	3.000076e+02 	3.000012e+02 	3.000001e+02 	2.999994e+02 	2.999963e+02 	2.999804e+02 	2.999074e+02 	2.996163e+02 	2.986312e+02 	2.958751e+02 	2.897276e+02 	2.793104e+02 	
1.515250e+00 	5.335220e+02 	4.214928e+02 	3.519954e+02 	3.186263e+02 	3.056918e+02 	3.015096e+02 	3.003528e+02 	3.000735e+02 	3.000138e+02 	3.000023e+02 	3.000002e+02 	2.999989e+02 	2.999938e+02 	2.999698e+02 	2.998685e+02 	2.994978e+02 	2.983414e+02 	2.953413e+02 	2.890779e+02 	2.789830e+02 	
1.803000e+00 	5.366364e+02 	4.279729e+02 	3.576763e+02 	3.219570e+02 	3.071748e+02 	3.020436e+02 	3.005144e+02 	3.001158e+02 	3.000235e+02 	3.000043e+02 	3.000004e+02 	2.999982e+02 	2.999902e+02 	2.999556e+02 	2.998213e+02 	2.993654e+02 	2.980420e+02 	2.948292e+02 	2.884935e+02 	2.787027e+02 	
2.115750e+00 	5.393426e+02 	4.338321e+02 	3.631021e+02 	3.253477e+02 	3.087927e+02 	3.026699e+02 	3.007186e+02 	3.001733e+02 	3.000378e+02 	3.000074e+02 	3.000008e+02 	2.999971e+02 	2.999853e+02 	2.999377e+02 	2.997657e+02 	2.992207e+02 	2.977371e+02 	2.943399e+02 	2.879652e+02 	2.784592e+02 	
2.453500e+00 	5.417236e+02 	4.391557e+02 	3.682697e+02 	3.287638e+02 	3.105264e+02 	3.033864e+02 	3.009686e+02 	3.002488e+02 	3.000579e+02 	3.000121e+02 	3.000014e+02 	2.999956e+02 	2.999787e+02 	2.999158e+02 	2.997020e+02 	2.990654e+02 	2.974297e+02 	2.938739e+02 	2.874851e+02 	2.782449e+02 	
2.816250e+00 	5.438405e+02 	4.440158e+02 	3.731836e+02 	3.321778e+02 	3.123578e+02 	3.041893e+02 	3.012665e+02 	3.003447e+02 	3.000851e+02 	3.000189e+02 	3.000024e+02 	2.999935e+02 	2.999704e+02 	2.998895e+02 	2.996305e+02 	2.989013e+02 	2.971224e+02 	2.934307e+02 	2.870470e+02 	2.780544e+02 	
3.204000e+00 	5.457395e+02 	4.484725e+02 	3.778523e+02 	3.355681e+02 	3.142696e+02 	3.050736e+02 	3.016136e+02 	3.004630e+02 	3.001207e+02 	3.000284e+02 	3.000039e+02 	2.999910e+02 	2.999602e+02 	2.998588e+02 	2.995517e+02 	2.987297e+02 	2.968171e+02 	2.930097e+02 	2.866452e+02 	2.778834e+02 	
3.616750e+00 	5.474559e+02 	4.525767e+02 	3.822872e+02 	3.389184e+02 	3.162459e+02 	3.060337e+02 	3.020105e+02 	3.006058e+02 	3.001662e+02 	3.000411e+02 	3.000062e+02 	2.999878e+02 	2.999478e+02 	2.998237e+02 	2.994659e+02 	2.985523e+02 	2.965153e+02 	2.926097e+02 	2.862752e+02 	2.777290e+02 	
4.054500e+00 	5.490176e+02 	4.563709e+02 	3.865009e+02 	3.422162e+02 	3.182726e+02 	3.070634e+02 	3.024568e+02 	3.007745e+02 	3.002226e+02 	3.000577e+02 	3.000094e+02 	2.999841e+02 	2.999333e+02 	2.997841e+02 	2.993739e+02 	2.983702e+02 	2.962182e+02 	2.922297e+02 	2.859332e+02 	2.775884e+02 	
4.517250e+00 	5.504469e+02 	4.598913e+02 	3.905064e+02 	3.454525e+02 	3.203371e+02 	3.081563e+02 	3.029517e+02 	3.009703e+02 	3.002913e+02 	3.000789e+02 	3.000137e+02 	2.999797e+02 	2.999164e+02 	2.997401e+02 	2.992761e+02 	2.981846e+02 	2.959266e+02 	2.918685e+02 	2.856159e+02 	2.774598e+02 	
5.005000e+00 	5.517615e+02 	4.631686e+02 	3.943167e+02 	3.486211e+02 	3.224282e+02 	3.093059e+02 	3.034939e+02 	3.011942e+02 	3.003734e+02 	3.001054e+02 	3.000196e+02 	2.999748e+02 	2.998971e+02 	2.996920e+02 	2.991731e+02 	2.979966e+02 	2.956410e+02 	2.915249e+02 	2.853205e+02 	2.773415e+02 	
5.517750e+00 	5.529762e+02 	4.662289e+02 	3.979444e+02 	3.517175e+02 	3.245364e+02 	3.105060e+02 	3.040816e+02 	3.014467e+02 	3.004698e+02 	3.001379e+02 	3.000271e+02 	2.999693e+02 	2.998756e+02 	2.996398e+02 	2.990656e+02 	2.978070e+02 	2.953620e+02 	2.911978e+02 	2.850447e+02 	2.772321e+02 	
6.055500e+00 	5.541031e+02 	4.690949e+02 	4.014014e+02 	3.547392e+02 	3.266533e+02 	3.117505e+02 	3.047128e+02 	3.017281e+02 	3.005814e+02 	3.001769e+02 	3.000368e+02 	2.999634e+02 	2.998517e+02 	2.995837e+02 	2.989540e+02 	2.976165e+02 	2.950896e+02 	2.908860e+02 	2.847865e+02 	2.771307e+02 	
6.618250e+00 	5.551523e+02 	4.717861e+02 	4.046990e+02 	3.576848e+02 	3.287719e+02 	3.130337e+02 	3.053851e+02 	3.020384e+02 	3.007091e+02 	3.002233e+02 	3.000488e+02 	2.999572e+02 	2.998256e+02 	2.995240e+02 	2.988389e+02 	2.974258e+02 	2.948241e+02 	2.905887e+02 	2.845440e+02 	2.770363e+02 	
7.206000e+00 	5.561324e+02 	4.743192e+02 	4.078477e+02 	3.605538e+02 	3.308861e+02 	3.143503e+02 	3.060961e+02 	3.023774e+02 	3.008533e+02 	3.002775e+02 	3.000637e+02 	2.999508e+02 	2.997973e+02 	2.994610e+02 	2.987209e+02 	2.972355e+02 	2.945655e+02 	2.903048e+02 	2.843157e+02 	2.769481e+02 	
7.818750e+00 	5.570508e+02 	4.767090e+02 	4.108574e+02 	3.633466e+02 	3.329908e+02 	3.156952e+02 	3.068434e+02 	3.027446e+02 	3.010146e+02 	3.003401e+02 	3.000816e+02 	2.999444e+02 	2.997671e+02 	2.993948e+02 	2.986003e+02 	2.970461e+02 	2.943137e+02 	2.900334e+02 	2.841004e+02 	2.768654e+02 	
8.456500e+00 	5.579136e+02 	4.789684e+02 	4.137371e+02 	3.660641e+02 	3.350819e+02 	3.170638e+02 	3.076243e+02 	3.031395e+02 	3.011933e+02 	3.004117e+02 	3.001030e+02 	2.999381e+02 	2.997350e+02 	2.993258e+02 	2.984775e+02 	2.968578e+02 	2.940688e+02 	2.897738e+02 	2.838968e+02 	2.767878e+02 	
9.119250e+00 	5.587263e+02 	4.811087e+02 	4.164952e+02 	3.687077e+02 	3.371558e+02 	3.184519e+02 	3.084363e+02 	3.035613e+02 	3.013896e+02 	3.004926e+02 	3.001281e+02 	2.999323e+02 	2.997012e+02 	2.992542e+02 	2.983531e+02 	2.966712e+02 	2.938305e+02 	2.895252e+02 	2.837040e+02 	2.767146e+02 	
9.807000e+00 	5.594935e+02 	4.831400e+02 	4.191395e+02 	3.712788e+02 	3.392095e+02 	3.198557e+02 	3.092768e+02 	3.040090e+02 	3.016036e+02 	3.005833e+02 	3.001575e+02 	2.999271e+02 	2.996660e+02 	2.991804e+02 	2.982273e+02 	2.964863e+02 	2.935987e+02 	2.892868e+02 	2.835210e+02 	2.766456e+02 	
1.051975e+01 	5.602194e+02 	4.850712e+02 	4.216771e+02 	3.737795e+02 	3.412407e+02 	3.212716e+02 	3.101435e+02 	3.044819e+02 	3.018354e+02 	3.006842e+02 	3.001913e+02 	2.999227e+02 	2.996295e+02 	2.991045e+02 	2.981006e+02 	2.963035e+02 	2.933733e+02 	2.890581e+02 	2.833470e+02 	2.765803e+02 	
1.125750e+01 	5.609075e+02 	4.869102e+02 	4.241146e+02 	3.762116e+02 	3.432475e+02 	3.226966e+02 	3.110339e+02 	3.049787e+02 	3.020848e+02 	3.007954e+02 	3.002299e+02 	2.999195e+02 	2.995919e+02 	2.990270e+02 	2.979732e+02 	2.961229e+02 	2.931541e+02 	2.888384e+02 	2.831813e+02 	2.765183e+02 	
1.202025e+01 	5.615611e+02 	4.886640e+02 	4.264580e+02 	3.785772e+02 	3.452283e+02 	3.241276e+02 	3.119458e+02 	3.054984e+02 	3.023517e+02 	3.009173e+02 	3.002737e+02 	2.999176e+02 	2.995536e+02 	2.989480e+02 	2.978453e+02 	2.959447e+02 	2.929410e+02 	2.886271e+02 	2.830233e+02 	2.764595e+02 	
1.280800e+01 	5.621829e+02 	4.903390e+02 	4.287131e+02 	3.808785e+02 	3.471820e+02 	3.255623e+02 	3.128770e+02 	3.060400e+02 	3.026357e+02 	3.010500e+02 	3.003228e+02 	2.999173e+02 	2.995147e+02 	2.988678e+02 	2.977174e+02 	2.957691e+02 	2.927336e+02 	2.884239e+02 	2.828725e+02 	2.764035e+02 	
1.362075e+01 	5.627754e+02 	4.919409e+02 	4.308850e+02 	3.831176e+02 	3.491077e+02 	3.269983e+02 	3.138254e+02 	3.066022e+02 	3.029367e+02 	3.011937e+02 	3.003775e+02 	2.999189e+02 	2.994755e+02 	2.987867e+02 	2.975896e+02 	2.955960e+02 	2.925319e+02 	2.882282e+02 	2.827282e+02 	2.763502e+02 	
1.445850e+01 	5.633408e+02 	4.934748e+02 	4.329785e+02 	3.852965e+02 	3.510047e+02 	3.284336e+02 	3.147891e+02 	3.071838e+02 	3.032541e+02 	3.013484e+02 	3.004381e+02 	2.999226e+02 	2.994363e+02 	2.987050e+02 	2.974621e+02 	2.954256e+02 	2.923357e+02 	2.880395e+02 	2.825900e+02 	2.762993e+02 	
1.532125e+01 	5.638813e+02 	4.949455e+02 	4.349981e+02 	3.874174e+02 	3.528726e+02 	3.298664e+02 	3.157663e+02 	3.077838e+02 	3.035877e+02 	3.015141e+02 	3.005048e+02 	2.999287e+02 	2.993972e+02 	2.986228e+02 	2.973352e+02 	2.952580e+02 	2.921447e+02 	2.878576e+02 	2.824576e+02 	2.762507e+02 	
1.620900e+01 	5.643984e+02 	4.963570e+02 	4.369478e+02 	3.894824e+02 	3.547110e+02 	3.312950e+02 	3.167552e+02 	3.084010e+02 	3.039368e+02 	3.016909e+02 	3.005778e+02 	2.999374e+02 	2.993586e+02 	2.985406e+02 	2.972090e+02 	2.950932e+02 	2.919588e+02 	2.876820e+02 	2.823305e+02 	2.762042e+02 	
1.712175e+01 	5.648940e+02 	4.977133e+02 	4.388315e+02 	3.914935e+02 	3.565199e+02 	3.327181e+02 	3.177541e+02 	3.090343e+02 	3.043010e+02 	3.018786e+02 	3.006572e+02 	2.999489e+02 	2.993208e+02 	2.984584e+02 	2.970837e+02 	2.949312e+02 	2.917779e+02 	2.875123e+02 	2.822083e+02 	2.761596e+02 	
1.805950e+01 	5.653694e+02 	4.990179e+02 	4.406527e+02 	3.934526e+02 	3.582993e+02 	3.341343e+02 	3.187617e+02 	3.096825e+02 	3.046799e+02 	3.020773e+02 	3.007431e+02 	2.999635e+02 	2.992838e+02 	2.983765e+02 	2.969596e+02 	2.947721e+02 	2.916017e+02 	2.873483e+02 	2.820909e+02 	2.761168e+02 	
1.902225e+01 	5.658259e+02 	5.002739e+02 	4.424148e+02 	3.953616e+02 	3.600492e+02 	3.355427e+02 	3.197765e+02 	3.103446e+02 	3.050728e+02 	3.022868e+02 	3.008358e+02 	2.999814e+02 	2.992481e+02 	2.982951e+02 	2.968366e+02 	2.946158e+02 	2.914302e+02 	2.871897e+02 	2.819778e+02 	2.760757e+02 	
2.001000e+01 	5.662649e+02 	5.014843e+02 	4.441206e+02 	3.972223e+02 	3.617699e+02 	3.369422e+02 	3.207972e+02 	3.110196e+02 	3.054792e+02 	3.025068e+02 	3.009353e+02 	3.000029e+02 	2.992137e+02 	2.982145e+02 	2.967151e+02 	2.944625e+02 	2.912631e+02 	2.870362e+02 	2.818688e+02 	2.760362e+02 	
2.102275e+01 	5.666873e+02 	5.026518e+02 	4.457732e+02 	3.990365e+02 	3.634616e+02 	3.383320e+02 	3.218225e+02 	3.117065e+02 	3.058985e+02 	3.027374e+02 	3.010417e+02 	3.000280e+02 	2.991810e+02 	2.981349e+02 	2.965951e+02 	2.943120e+02 	2.911003e+02 	2.868875e+02 	2.817638e+02 	2.759982e+02 	
2.206050e+01 	5.670943e+02 	5.037788e+02 	4.473752e+02 	4.008059e+02 	3.651246e+02 	3.397114e+02 	3.228515e+02 	3.124042e+02 	3.063302e+02 	3.029782e+02 	3.011549e+02 	3.000569e+02 	2.991502e+02 	2.980564e+02 	2.964768e+02 	2.941645e+02 	2.909417e+02 	2.867435e+02 	2.816624e+02 	2.759616e+02 	
2.312325e+01 	5.674866e+02 	5.048676e+02 	4.489291e+02 	4.025321e+02 	3.667592e+02 	3.410796e+02 	3.238830e+02 	3.131120e+02 	3.067736e+02 	3.032291e+02 	3.012752e+02 	3.000899e+02 	2.991214e+02 	2.979793e+02 	2.963602e+02 	2.940199e+02 	2.907871e+02 	2.866038e+02 	2.815644e+02 	2.759263e+02 	
2.421100e+01 	5.678653e+02 	5.059204e+02 	4.504371e+02 	4.042167e+02 	3.683660e+02 	3.424363e+02 	3.249161e+02 	3.138288e+02 	3.072283e+02 	3.034898e+02 	3.014024e+02 	3.001270e+02 	2.990949e+02 	2.979036e+02 	2.962455e+02 	2.938781e+02 	2.906365e+02 	2.864684e+02 	2.814698e+02 	2.758923e+02 	
2.532375e+01 	5.682310e+02 	5.069390e+02 	4.519014e+02 	4.058612e+02 	3.699453e+02 	3.437810e+02 	3.259499e+02 	3.145539e+02 	3.076937e+02 	3.037601e+02 	3.015366e+02 	3.001685e+02 	2.990708e+02 	2.978297e+02 	2.961328e+02 	2.937393e+02 	2.904896e+02 	2.863370e+02 	2.813782e+02 	2.758594e+02 	
2.646150e+01 	5.685845e+02 	5.079253e+02 	4.533241e+02 	4.074670e+02 	3.714976e+02 	3.451131e+02 	3.269836e+02 	3.152865e+02 	3.081691e+02 	3.040398e+02 	3.016777e+02 	3.002144e+02 	2.990493e+02 	2.977576e+02 	2.960221e+02 	2.936034e+02 	2.903465e+02 	2.862094e+02 	2.812896e+02 	2.758277e+02 	
2.762425e+01 	5.689264e+02 	5.088810e+02 	4.547071e+02 	4.090355e+02 	3.730233e+02 	3.464325e+02 	3.280165e+02 	3.160257e+02 	3.086542e+02 	3.043285e+02 	3.018258e+02 	3.002648e+02 	2.990306e+02 	2.976876e+02 	2.959136e+02 	2.934703e+02 	2.902070e+02 	2.860855e+02 	2.812038e+02 	2.757970e+02 	
2.881200e+01 	5.692574e+02 	5.098075e+02 	4.560522e+02 	4.105679e+02 	3.745230e+02 	3.477389e+02 	3.290479e+02 	3.167709e+02 	3.091482e+02 	3.046260e+02 	3.019808e+02 	3.003199e+02 	2.990148e+02 	2.976196e+02 	2.958074e+02 	2.933402e+02 	2.900710e+02 	2.859651e+02 	2.811207e+02 	2.757672e+02 	
3.002475e+01 	5.695781e+02 	5.107063e+02 	4.573610e+02 	4.120657e+02 	3.759972e+02 	3.490321e+02 	3.300772e+02 	3.175214e+02 	3.096508e+02 	3.049320e+02 	3.021426e+02 	3.003796e+02 	2.990021e+02 	2.975540e+02 	2.957036e+02 	2.932130e+02 	2.899384e+02 	2.858482e+02 	2.810401e+02 	2.757385e+02 	
3.126250e+01 	5.698889e+02 	5.115789e+02 	4.586351e+02 	4.135298e+02 	3.774463e+02 	3.503118e+02 	3.311037e+02 	3.182764e+02 	3.101613e+02 	3.052463e+02 	3.023111e+02 	3.004442e+02 	2.989926e+02 	2.974908e+02 	2.956021e+02 	2.930886e+02 	2.898091e+02 	2.857345e+02 	2.809619e+02 	2.757106e+02 	
3.252525e+01 	5.701903e+02 	5.124264e+02 	4.598760e+02 	4.149616e+02 	3.788708e+02 	3.515779e+02 	3.321271e+02 	3.190355e+02 	3.106793e+02 	3.055686e+02 	3.024863e+02 	3.005136e+02 	2.989864e+02 	2.974302e+02 	2.955032e+02 	2.929671e+02 	2.896831e+02 	2.856239e+02 	2.808861e+02 	2.756836e+02 	
3.381300e+01 	5.704829e+02 	5.132500e+02 	4.610851e+02 	4.163622e+02 	3.802713e+02 	3.528305e+02 	3.331467e+02 	3.197980e+02 	3.112044e+02 	3.058985e+02 	3.026681e+02 	3.005878e+02 	2.989837e+02 	2.973722e+02 	2.954068e+02 	2.928486e+02 	2.895602e+02 	2.855164e+02 	2.808125e+02 	2.756574e+02 	
3.512575e+01 	5.707670e+02 	5.140508e+02 	4.622637e+02 	4.177325e+02 	3.816483e+02 	3.540693e+02 	3.341622e+02 	3.205634e+02 	3.117360e+02 	3.062359e+02 	3.028563e+02 	3.006670e+02 	2.989845e+02 	2.973169e+02 	2.953131e+02 	2.927329e+02 	2.894405e+02 	2.854118e+02 	2.807410e+02 	2.756320e+02 	
3.646350e+01 	5.710431e+02 	5.148299e+02 	4.634130e+02 	4.190736e+02 	3.830023e+02 	3.552945e+02 	3.351732e+02 	3.213312e+02 	3.122738e+02 	3.065803e+02 	3.030510e+02 	3.007511e+02 	2.989890e+02 	2.972645e+02 	2.952220e+02 	2.926200e+02 	2.893238e+02 	2.853101e+02 	2.806715e+02 	2.756073e+02 	
3.782625e+01 	5.713115e+02 	5.155881e+02 	4.645343e+02 	4.203864e+02 	3.843337e+02 	3.565059e+02 	3.361793e+02 	3.221008e+02 	3.128172e+02 	3.069316e+02 	3.032519e+02 	3.008402e+02 	2.989971e+02 	2.972151e+02 	2.951337e+02 	2.925101e+02 	2.892101e+02 	2.852111e+02 	2.806040e+02 	2.755834e+02 	
3.921400e+01 	5.715725e+02 	5.163265e+02 	4.656286e+02 	4.216720e+02 	3.856432e+02 	3.577036e+02 	3.371803e+02 	3.228718e+02 	3.133658e+02 	3.072895e+02 	3.034589e+02 	3.009343e+02 	2.990090e+02 	2.971687e+02 	2.950482e+02 	2.924030e+02 	2.890993e+02 	2.851147e+02 	2.805385e+02 	2.755601e+02 	
4.062675e+01 	5.718266e+02 	5.170458e+02 	4.666970e+02 	4.229311e+02 	3.869310e+02 	3.588877e+02 	3.381757e+02 	3.236438e+02 	3.139193e+02 	3.076536e+02 	3.036719e+02 	3.010333e+02 	2.990248e+02 	2.971255e+02 	2.949655e+02 	2.922988e+02 	2.889914e+02 	2.850210e+02 	2.804747e+02 	2.755375e+02 	
4.206450e+01 	5.720739e+02 	5.177469e+02 	4.677405e+02 	4.241646e+02 	3.881978e+02 	3.600581e+02 	3.391654e+02 	3.244164e+02 	3.144773e+02 	3.080237e+02 	3.038908e+02 	3.011372e+02 	2.990445e+02 	2.970854e+02 	2.948857e+02 	2.921974e+02 	2.888864e+02 	2.849297e+02 	2.804127e+02 	2.755156e+02 	
4.352725e+01 	5.723149e+02 	5.184306e+02 	4.687600e+02 	4.253734e+02 	3.894441e+02 	3.612151e+02 	3.401492e+02 	3.251892e+02 	3.150394e+02 	3.083996e+02 	3.041155e+02 	3.012461e+02 	2.990682e+02 	2.970486e+02 	2.948088e+02 	2.920989e+02 	2.887841e+02 	2.848409e+02 	2.803524e+02 	2.754942e+02 	
4.501500e+01 	5.725496e+02 	5.190974e+02 	4.697564e+02 	4.265581e+02 	3.906702e+02 	3.623585e+02 	3.411267e+02 	3.259618e+02 	3.156053e+02 	3.087810e+02 	3.043458e+02 	3.013599e+02 	2.990958e+02 	2.970151e+02 	2.947350e+02 	2.920033e+02 	2.886846e+02 	2.847545e+02 	2.802938e+02 	2.754735e+02 	
4.652775e+01 	5.727786e+02 	5.197482e+02 	4.707306e+02 	4.277197e+02 	3.918766e+02 	3.634887e+02 	3.420979e+02 	3.267340e+02 	3.161745e+02 	3.091676e+02 	3.045816e+02 	3.014785e+02 	2.991275e+02 	2.969849e+02 	2.946641e+02 	2.919105e+02 	2.885878e+02 	2.846704e+02 	2.802368e+02 	2.754533e+02 	
4.806550e+01 	5.730018e+02 	5.203835e+02 	4.716833e+02 	4.288587e+02 	3.930637e+02 	3.646056e+02 	3.430626e+02 	3.275054e+02 	3.167469e+02 	3.095591e+02 	3.048227e+02 	3.016019e+02 	2.991632e+02 	2.969582e+02 	2.945963e+02 	2.918207e+02 	2.884937e+02 	2.845886e+02 	2.801813e+02 	2.754337e+02 	
4.962825e+01 	5.732197e+02 	5.210039e+02 	4.726154e+02 	4.299759e+02 	3.942321e+02 	3.657094e+02 	3.440206e+02 	3.282757e+02 	3.173220e+02 	3.099555e+02 	3.050690e+02 	3.017302e+02 	2.992030e+02 	2.969349e+02 	2.945315e+02 	2.917336e+02 	2.884022e+02 	2.845090e+02 	2.801273e+02 	2.754146e+02 	
5.121600e+01 	5.734324e+02 	5.216101e+02 	4.735276e+02 	4.310719e+02 	3.953821e+02 	3.668002e+02 	3.449718e+02 	3.290446e+02 	3.178995e+02 	3.103563e+02 	3.053203e+02 	3.018631e+02 	2.992469e+02 	2.969151e+02 	2.944698e+02 	2.916495e+02 	2.883133e+02 	2.844316e+02 	2.800748e+02 	2.753961e+02 	
5.282875e+01 	5.736400e+02 	5.222024e+02 	4.744204e+02 	4.321473e+02 	3.965141e+02 	3.678781e+02 	3.459160e+02 	3.298119e+02 	3.184793e+02 	3.107613e+02 	3.055766e+02 	3.020008e+02 	2.992948e+02 	2.968988e+02 	2.944113e+02 	2.915681e+02 	2.882270e+02 	2.843564e+02 	2.800238e+02 	2.753780e+02 	
5.446650e+01 	5.738429e+02 	5.227816e+02 	4.752947e+02 	4.332029e+02 	3.976285e+02 	3.689433e+02 	3.468533e+02 	3.305774e+02 	3.190610e+02 	3.111705e+02 	3.058377e+02 	3.021430e+02 	2.993469e+02 	2.968861e+02 	2.943559e+02 	2.914897e+02 	2.881433e+02 	2.842832e+02 	2.799741e+02 	2.753604e+02 	
5.612925e+01 	5.740411e+02 	5.233480e+02 	4.761511e+02 	4.342390e+02 	3.987258e+02 	3.699959e+02 	3.477835e+02 	3.313409e+02 	3.196444e+02 	3.115834e+02 	3.061033e+02 	3.022899e+02 	2.994030e+02 	2.968769e+02 	2.943036e+02 	2.914141e+02 	2.880621e+02 	2.842121e+02 	2.799258e+02 	2.753434e+02 	
5.781700e+01 	5.742349e+02 	5.239020e+02 	4.769900e+02 	4.352564e+02 	3.998062e+02 	3.710361e+02 	3.487065e+02 	3.321021e+02 	3.202292e+02 	3.119999e+02 	3.063735e+02 	3.024412e+02 	2.994632e+02 	2.968713e+02 	2.942546e+02 	2.913413e+02 	2.879834e+02 	2.841430e+02 	2.798789e+02 	2.753268e+02 	
5.952975e+01 	5.744244e+02 	5.244442e+02 	4.778122e+02 	4.362556e+02 	4.008703e+02 	3.720640e+02 	3.496223e+02 	3.328608e+02 	3.208151e+02 	3.124199e+02 	3.066480e+02 	3.025969e+02 	2.995274e+02 	2.968693e+02 	2.942087e+02 	2.912714e+02 	2.879072e+02 	2.840759e+02 	2.798332e+02 	2.753106e+02 	
6.126750e+01 	5.746098e+02 	5.249750e+02 	4.786181e+02 	4.372370e+02 	4.019183e+02 	3.730798e+02 	3.505308e+02 	3.336170e+02 	3.214021e+02 	3.128430e+02 	3.069267e+02 	3.027570e+02 	2.995957e+02 	2.968709e+02 	2.941660e+02 	2.912044e+02 	2.878335e+02 	2.840108e+02 	2.797888e+02 	2.752949e+02 	
6.303025e+01 	5.747911e+02 	5.254947e+02 	4.794083e+02 	4.382012e+02 	4.029506e+02 	3.740836e+02 	3.514321e+02 	3.343703e+02 	3.219898e+02 	3.132692e+02 	3.072095e+02 	3.029213e+02 	2.996680e+02 	2.968761e+02 	2.941265e+02 	2.911401e+02 	2.877622e+02 	2.839476e+02 	2.797457e+02 	2.752796e+02 	
6.481800e+01 	5.749687e+02 	5.260037e+02 	4.801832e+02 	4.391486e+02 	4.039676e+02 	3.750756e+02 	3.523261e+02 	3.351207e+02 	3.225780e+02 	3.136982e+02 	3.074962e+02 	3.030898e+02 	2.997443e+02 	2.968848e+02 	2.940902e+02 	2.910787e+02 	2.876933e+02 	2.838864e+02 	2.797039e+02 	2.752648e+02 	
6.663075e+01 	5.751425e+02 	5.265024e+02 	4.809434e+02 	4.400797e+02 	4.049695e+02 	3.760559e+02 	3.532127e+02 	3.358681e+02 	3.231666e+02 	3.141298e+02 	3.077867e+02 	3.032625e+02 	2.998246e+02 	2.968972e+02 	2.940571e+02 	2.910202e+02 	2.876269e+02 	2.838270e+02 	2.796632e+02 	2.752504e+02 	
6.846850e+01 	5.753128e+02 	5.269911e+02 	4.816893e+02 	4.409950e+02 	4.059568e+02 	3.770248e+02 	3.540920e+02 	3.366122e+02 	3.237554e+02 	3.145638e+02 	3.080809e+02 	3.034392e+02 	2.999087e+02 	2.969132e+02 	2.940272e+02 	2.909644e+02 	2.875628e+02 	2.837695e+02 	2.796238e+02 	2.752364e+02 	
7.033125e+01 	5.754795e+02 	5.274701e+02 	4.824213e+02 	4.418948e+02 	4.069297e+02 	3.779823e+02 	3.549640e+02 	3.373530e+02 	3.243442e+02 	3.150002e+02 	3.083786e+02 	3.036199e+02 	2.999968e+02 	2.969328e+02 	2.940006e+02 	2.909115e+02 	2.875011e+02 	2.837138e+02 	2.795855e+02 	2.752228e+02 	
7.221900e+01 	5.756430e+02 	5.279398e+02 	4.831399e+02 	4.427797e+02 	4.078886e+02 	3.789286e+02 	3.558286e+02 	3.380905e+02 	3.249328e+02 	3.154387e+02 	3.086797e+02 	3.038044e+02 	3.000887e+02 	2.969559e+02 	2.939771e+02 	2.908614e+02 	2.874418e+02 	2.836599e+02 	2.795484e+02 	2.752096e+02 	
7.413175e+01 	5.758031e+02 	5.284005e+02 	4.838454e+02 	4.436499e+02 	4.088337e+02 	3.798638e+02 	3.566859e+02 	3.388244e+02 	3.255212e+02 	3.158791e+02 	3.089841e+02 	3.039928e+02 	3.001844e+02 	2.969826e+02 	2.939568e+02 	2.908141e+02 	2.873848e+02 	2.836079e+02 	2.795124e+02 	2.751968e+02 	
7.606950e+01 	5.759602e+02 	5.288523e+02 	4.845383e+02 	4.445059e+02 	4.097653e+02 	3.807882e+02 	3.575359e+02 	3.395546e+02 	3.261090e+02 	3.163214e+02 	3.092916e+02 	3.041848e+02 	3.002839e+02 	2.970128e+02 	2.939398e+02 	2.907695e+02 	2.873302e+02 	2.835576e+02 	2.794776e+02 	2.751844e+02 	
7.803225e+01 	5.761142e+02 	5.292957e+02 	4.852188e+02 	4.453481e+02 	4.106838e+02 	3.817019e+02 	3.583787e+02 	3.402812e+02 	3.266963e+02 	3.167653e+02 	3.096022e+02 	3.043805e+02 	3.003871e+02 	2.970465e+02 	2.939259e+02 	2.907278e+02 	2.872779e+02 	2.835091e+02 	2.794439e+02 	2.751724e+02 	
8.002000e+01 	5.762653e+02 	5.297309e+02 	4.858874e+02 	4.461767e+02 	4.115894e+02 	3.826051e+02 	3.592142e+02 	3.410041e+02 	3.272829e+02 	3.172108e+02 	3.099156e+02 	3.045798e+02 	3.004940e+02 	2.970838e+02 	2.939152e+02 	2.906888e+02 	2.872278e+02 	2.834624e+02 	2.794113e+02 	2.751607e+02 	
8.203275e+01 	5.764135e+02 	5.301580e+02 	4.865444e+02 	4.469922e+02 	4.124824e+02 	3.834978e+02 	3.600424e+02 	3.417231e+02 	3.278686e+02 	3.176576e+02 	3.102319e+02 	3.047825e+02 	3.006045e+02 	2.971245e+02 	2.939076e+02 	2.906526e+02 	2.871801e+02 	2.834174e+02 	2.793797e+02 	2.751495e+02 	
8.407050e+01 	5.765590e+02 	5.305774e+02 	4.871901e+02 	4.477948e+02 	4.133630e+02 	3.843803e+02 	3.608635e+02 	3.424382e+02 	3.284534e+02 	3.181057e+02 	3.105508e+02 	3.049886e+02 	3.007186e+02 	2.971686e+02 	2.939032e+02 	2.906191e+02 	2.871347e+02 	2.833741e+02 	2.793493e+02 	2.751386e+02 	
8.613325e+01 	5.767018e+02 	5.309893e+02 	4.878248e+02 	4.485849e+02 	4.142315e+02 	3.852528e+02 	3.616775e+02 	3.431493e+02 	3.290371e+02 	3.185550e+02 	3.108723e+02 	3.051980e+02 	3.008362e+02 	2.972162e+02 	2.939019e+02 	2.905884e+02 	2.870915e+02 	2.833325e+02 	2.793199e+02 	2.751280e+02 	
8.822100e+01 	5.768419e+02 	5.313939e+02 	4.884489e+02 	4.493628e+02 	4.150882e+02 	3.861152e+02 	3.624843e+02 	3.438565e+02 	3.296196e+02 	3.190052e+02 	3.111963e+02 	3.054106e+02 	3.009572e+02 	2.972671e+02 	2.939037e+02 	2.905604e+02 	2.870506e+02 	2.832926e+02 	2.792916e+02 	2.751178e+02 	
9.033375e+01 	5.769796e+02 	5.317914e+02 	4.890626e+02 	4.501289e+02 	4.159333e+02 	3.869679e+02 	3.632841e+02 	3.445596e+02 	3.302008e+02 	3.194564e+02 	3.115226e+02 	3.056263e+02 	3.010817e+02 	2.973214e+02 	2.939086e+02 	2.905351e+02 	2.870119e+02 	2.832544e+02 	2.792644e+02 	2.751080e+02 	
9.247150e+01 	5.771148e+02 	5.321820e+02 	4.896661e+02 	4.508833e+02 	4.167670e+02 	3.878109e+02 	3.640769e+02 	3.452587e+02 	3.307807e+02 	3.199083e+02 	3.118511e+02 	3.058451e+02 	3.012095e+02 	2.973790e+02 	2.939166e+02 	2.905125e+02 	2.869754e+02 	2.832179e+02 	2.792381e+02 	2.750986e+02 	
9.463425e+01 	5.772477e+02 	5.325659e+02 	4.902599e+02 	4.516263e+02 	4.175896e+02 	3.886445e+02 	3.648627e+02 	3.459536e+02 	3.313591e+02 	3.203609e+02 	3.121818e+02 	3.060669e+02 	3.013406e+02 	2.974399e+02 	2.939276e+02 	2.904925e+02 	2.869411e+02 	2.831830e+02 	2.792130e+02 	2.750894e+02 	
9.682200e+01 	5.773782e+02 	5.329433e+02 	4.908440e+02 	4.523583e+02 	4.184013e+02 	3.894687e+02 	3.656416e+02 	3.466444e+02 	3.319359e+02 	3.208140e+02 	3.125145e+02 	3.062915e+02 	3.014750e+02 	2.975041e+02 	2.939416e+02 	2.904753e+02 	2.869091e+02 	2.831498e+02 	2.791888e+02 	2.750807e+02 	
9.903475e+01 	5.775065e+02 	5.333143e+02 	4.914189e+02 	4.530795e+02 	4.192024e+02 	3.902837e+02 	3.664137e+02 	3.473310e+02 	3.325112e+02 	3.212677e+02 	3.128491e+02 	3.065190e+02 	3.016126e+02 	2.975714e+02 	2.939587e+02 	2.904606e+02 	2.868792e+02 	2.831182e+02 	2.791657e+02 	2.750723e+02 	
1.012725e+02 	5.776326e+02 	5.336792e+02 	4.919846e+02 	4.537902e+02 	4.199929e+02 	3.910896e+02 	3.671789e+02 	3.480135e+02 	3.330848e+02 	3.217217e+02 	3.131856e+02 	3.067492e+02 	3.017533e+02 	2.976420e+02 	2.939787e+02 	2.904486e+02 	2.868515e+02 	2.830883e+02 	2.791435e+02 	2.750642e+02 	
1.035353e+02 	5.777566e+02 	5.340381e+02 	4.925415e+02 	4.544905e+02 	4.207732e+02 	3.918866e+02 	3.679374e+02 	3.486917e+02 	3.336566e+02 	3.221759e+02 	3.135238e+02 	3.069820e+02 	3.018971e+02 	2.977156e+02 	2.940017e+02 	2.904392e+02 	2.868259e+02 	2.830599e+02 	2.791224e+02 	2.750564e+02 	
1.058230e+02 	5.778785e+02 	5.343912e+02 	4.930897e+02 	4.551808e+02 	4.215434e+02 	3.926748e+02 	3.686892e+02 	3.493658e+02 	3.342266e+02 	3.226304e+02 	3.138637e+02 	3.072175e+02 	3.020438e+02 	2.977924e+02 	2.940276e+02 	2.904325e+02 	2.868025e+02 	2.830332e+02 	2.791022e+02 	2.750490e+02 	
1.081358e+02 	5.779984e+02 	5.347385e+02 	4.936296e+02 	4.558612e+02 	4.223038e+02 	3.934543e+02 	3.694344e+02 	3.500356e+02 	3.347947e+02 	3.230850e+02 	3.142052e+02 	3.074554e+02 	3.021936e+02 	2.978722e+02 	2.940564e+02 	2.904282e+02 	2.867813e+02 	2.830080e+02 	2.790831e+02 	2.750419e+02 	
1.104735e+02 	5.781164e+02 	5.350804e+02 	4.941612e+02 	4.565320e+02 	4.230545e+02 	3.942253e+02 	3.701731e+02 	3.507011e+02 	3.353608e+02 	3.235396e+02 	3.145482e+02 	3.076957e+02 	3.023462e+02 	2.979551e+02 	2.940881e+02 	2.904266e+02 	2.867621e+02 	2.829845e+02 	2.790649e+02 	2.750352e+02 	
1.128363e+02 	5.782325e+02 	5.354168e+02 	4.946848e+02 	4.571934e+02 	4.237958e+02 	3.949879e+02 	3.709052e+02 	3.513625e+02 	3.359250e+02 	3.239941e+02 	3.148925e+02 	3.079385e+02 	3.025017e+02 	2.980409e+02 	2.941226e+02 	2.904274e+02 	2.867450e+02 	2.829625e+02 	2.790477e+02 	2.750288e+02 	
1.152240e+02 	5.783467e+02 	5.357480e+02 	4.952005e+02 	4.578456e+02 	4.245277e+02 	3.957423e+02 	3.716309e+02 	3.520196e+02 	3.364872e+02 	3.244485e+02 	3.152382e+02 	3.081834e+02 	3.026600e+02 	2.981296e+02 	2.941600e+02 	2.904308e+02 	2.867300e+02 	2.829420e+02 	2.790314e+02 	2.750227e+02 	
1.176368e+02 	5.784591e+02 	5.360741e+02 	4.957087e+02 	4.584888e+02 	4.252505e+02 	3.964885e+02 	3.723502e+02 	3.526724e+02 	3.370473e+02 	3.249028e+02 	3.155852e+02 	3.084306e+02 	3.028210e+02 	2.982213e+02 	2.942001e+02 	2.904367e+02 	2.867171e+02 	2.829231e+02 	2.790161e+02 	2.750169e+02 	
1.200745e+02 	5.785697e+02 	5.363951e+02 	4.962094e+02 	4.591232e+02 	4.259644e+02 	3.972267e+02 	3.730632e+02 	3.533211e+02 	3.376052e+02 	3.253567e+02 	3.159333e+02 	3.086800e+02 	3.029847e+02 	2.983157e+02 	2.942430e+02 	2.904450e+02 	2.867062e+02 	2.829057e+02 	2.790018e+02 	2.750115e+02 	
1.225373e+02 	5.786786e+02 	5.367113e+02 	4.967028e+02 	4.597490e+02 	4.266695e+02 	3.979570e+02 	3.737699e+02 	3.539655e+02 	3.381610e+02 	3.258103e+02 	3.162825e+02 	3.089314e+02 	3.031510e+02 	2.984130e+02 	2.942886e+02 	2.904558e+02 	2.866974e+02 	2.828899e+02 	2.789884e+02 	2.750064e+02 	
1.250250e+02 	5.787859e+02 	5.370228e+02 	4.971891e+02 	4.603663e+02 	4.273660e+02 	3.986795e+02 	3.744704e+02 	3.546056e+02 	3.387146e+02 	3.262635e+02 	3.166327e+02 	3.091848e+02 	3.033198e+02 	2.985131e+02 	2.943369e+02 	2.904691e+02 	2.866906e+02 	2.828756e+02 	2.789759e+02 	2.750016e+02 	
1.275378e+02 	5.788915e+02 	5.373296e+02 	4.976685e+02 	4.609755e+02 	4.280541e+02 	3.993944e+02 	3.751648e+02 	3.552416e+02 	3.392659e+02 	3.267163e+02 	3.169839e+02 	3.094401e+02 	3.034912e+02 	2.986158e+02 	2.943879e+02 	2.904847e+02 	2.866857e+02 	2.828627e+02 	2.789644e+02 	2.749971e+02 	
1.300755e+02 	5.789955e+02 	5.376318e+02 	4.981410e+02 	4.615765e+02 	4.287338e+02 	4.001017e+02 	3.758531e+02 	3.558734e+02 	3.398150e+02 	3.271686e+02 	3.173359e+02 	3.096973e+02 	3.036649e+02 	2.987213e+02 	2.944414e+02 	2.905027e+02 	2.866829e+02 	2.828514e+02 	2.789538e+02 	2.749929e+02 	
1.326383e+02 	5.790980e+02 	5.379297e+02 	4.986070e+02 	4.621697e+02 	4.294055e+02 	4.008016e+02 	3.765355e+02 	3.565009e+02 	3.403618e+02 	3.276202e+02 	3.176888e+02 	3.099563e+02 	3.038411e+02 	2.988293e+02 	2.944976e+02 	2.905231e+02 	2.866821e+02 	2.828415e+02 	2.789441e+02 	2.749890e+02 	
1.352260e+02 	5.791990e+02 	5.382232e+02 	4.990664e+02 	4.627551e+02 	4.300691e+02 	4.014942e+02 	3.772118e+02 	3.571243e+02 	3.409063e+02 	3.280713e+02 	3.180424e+02 	3.102170e+02 	3.040196e+02 	2.989400e+02 	2.945564e+02 	2.905458e+02 	2.866832e+02 	2.828331e+02 	2.789353e+02 	2.749855e+02 	
1.378388e+02 	5.792985e+02 	5.385125e+02 	4.995195e+02 	4.633329e+02 	4.307249e+02 	4.021796e+02 	3.778824e+02 	3.577436e+02 	3.414484e+02 	3.285217e+02 	3.183968e+02 	3.104795e+02 	3.042004e+02 	2.990531e+02 	2.946176e+02 	2.905708e+02 	2.866862e+02 	2.828262e+02 	2.789274e+02 	2.749822e+02 	
1.404765e+02 	5.793965e+02 	5.387977e+02 	4.999665e+02 	4.639033e+02 	4.313731e+02 	4.028579e+02 	3.785471e+02 	3.583586e+02 	3.419882e+02 	3.289713e+02 	3.187517e+02 	3.107435e+02 	3.043834e+02 	2.991688e+02 	2.946814e+02 	2.905980e+02 	2.866911e+02 	2.828207e+02 	2.789204e+02 	2.749792e+02 	
1.431393e+02 	5.794931e+02 	5.390789e+02 	5.004073e+02 	4.644665e+02 	4.320136e+02 	4.035293e+02 	3.792060e+02 	3.589696e+02 	3.425255e+02 	3.294202e+02 	3.191073e+02 	3.110091e+02 	3.045686e+02 	2.992870e+02 	2.947476e+02 	2.906276e+02 	2.866980e+02 	2.828166e+02 	2.789143e+02 	2.749766e+02 	
1.458270e+02 	5.795884e+02 	5.393561e+02 	5.008422e+02 	4.650225e+02 	4.326468e+02 	4.041937e+02 	3.798593e+02 	3.595765e+02 	3.430605e+02 	3.298683e+02 	3.194633e+02 	3.112762e+02 	3.047559e+02 	2.994075e+02 	2.948163e+02 	2.906594e+02 	2.867067e+02 	2.828140e+02 	2.789090e+02 	2.749742e+02 	
1.485397e+02 	5.796823e+02 	5.396295e+02 	5.012714e+02 	4.655715e+02 	4.332726e+02 	4.048514e+02 	3.805069e+02 	3.601792e+02 	3.435931e+02 	3.303155e+02 	3.198198e+02 	3.115447e+02 	3.049453e+02 	2.995304e+02 	2.948873e+02 	2.906933e+02 	2.867173e+02 	2.828128e+02 	2.789047e+02 	2.749722e+02 	
1.512775e+02 	5.797749e+02 	5.398991e+02 	5.016948e+02 	4.661137e+02 	4.338913e+02 	4.055024e+02 	3.811490e+02 	3.607780e+02 	3.441232e+02 	3.307619e+02 	3.201767e+02 	3.118146e+02 	3.051366e+02 	2.996556e+02 	2.949607e+02 	2.907295e+02 	2.867298e+02 	2.828129e+02 	2.789012e+02 	2.749704e+02 	
1.540403e+02 	5.798662e+02 	5.401650e+02 	5.021126e+02 	4.666492e+02 	4.345030e+02 	4.061469e+02 	3.817856e+02 	3.613726e+02 	3.446508e+02 	3.312073e+02 	3.205340e+02 	3.120859e+02 	3.053300e+02 	2.997831e+02 	2.950365e+02 	2.907678e+02 	2.867440e+02 	2.828145e+02 	2.788986e+02 	2.749689e+02 	
1.568280e+02 	5.799562e+02 	5.404274e+02 	5.025251e+02 	4.671781e+02 	4.351077e+02 	4.067848e+02 	3.824167e+02 	3.619633e+02 	3.451760e+02 	3.316517e+02 	3.208916e+02 	3.123584e+02 	3.055252e+02 	2.999129e+02 	2.951145e+02 	2.908083e+02 	2.867601e+02 	2.828174e+02 	2.788968e+02 	2.749678e+02 	
1.596407e+02 	5.800450e+02 	5.406862e+02 	5.029322e+02 	4.677005e+02 	4.357057e+02 	4.074164e+02 	3.830424e+02 	3.625499e+02 	3.456988e+02 	3.320952e+02 	3.212495e+02 	3.126321e+02 	3.057223e+02 	3.000448e+02 	2.951947e+02 	2.908509e+02 	2.867780e+02 	2.828216e+02 	2.788959e+02 	2.749669e+02 	
1.624785e+02 	5.801326e+02 	5.409416e+02 	5.033340e+02 	4.682166e+02 	4.362970e+02 	4.080417e+02 	3.836629e+02 	3.631326e+02 	3.462190e+02 	3.325376e+02 	3.216075e+02 	3.129070e+02 	3.059212e+02 	3.001789e+02 	2.952772e+02 	2.908955e+02 	2.867976e+02 	2.828272e+02 	2.788958e+02 	2.749662e+02 	
1.653413e+02 	5.802190e+02 	5.411936e+02 	5.037308e+02 	4.687265e+02 	4.368817e+02 	4.086608e+02 	3.842781e+02 	3.637113e+02 	3.467368e+02 	3.329790e+02 	3.219657e+02 	3.131831e+02 	3.061219e+02 	3.003151e+02 	2.953619e+02 	2.909422e+02 	2.868190e+02 	2.828342e+02 	2.788965e+02 	2.749659e+02 	
1.682290e+02 	5.803043e+02 	5.414423e+02 	5.041225e+02 	4.692303e+02 	4.374600e+02 	4.092738e+02 	3.848881e+02 	3.642861e+02 	3.472521e+02 	3.334192e+02 	3.223241e+02 	3.134602e+02 	3.063243e+02 	3.004533e+02 	2.954488e+02 	2.909909e+02 	2.868422e+02 	2.828425e+02 	2.788981e+02 	2.749659e+02 	
1.711418e+02 	5.803884e+02 	5.416877e+02 	5.045093e+02 	4.697282e+02 	4.380320e+02 	4.098808e+02 	3.854929e+02 	3.648570e+02 	3.477649e+02 	3.338583e+02 	3.226825e+02 	3.137383e+02 	3.065284e+02 	3.005936e+02 	2.955377e+02 	2.910416e+02 	2.868670e+02 	2.828520e+02 	2.789004e+02 	2.749661e+02 	
1.740795e+02 	5.804715e+02 	5.419300e+02 	5.048913e+02 	4.702201e+02 	4.385977e+02 	4.104818e+02 	3.860927e+02 	3.654241e+02 	3.482752e+02 	3.342963e+02 	3.230410e+02 	3.140174e+02 	3.067341e+02 	3.007358e+02 	2.956287e+02 	2.910943e+02 	2.868935e+02 	2.828629e+02 	2.789036e+02 	2.749666e+02 	
1.770423e+02 	5.805535e+02 	5.421692e+02 	5.052686e+02 	4.707063e+02 	4.391574e+02 	4.110771e+02 	3.866874e+02 	3.659873e+02 	3.487830e+02 	3.347331e+02 	3.233995e+02 	3.142975e+02 	3.069414e+02 	3.008800e+02 	2.957218e+02 	2.911489e+02 	2.869217e+02 	2.828750e+02 	2.789076e+02 	2.749673e+02 	
1.800300e+02 	5.806344e+02 	5.424054e+02 	5.056412e+02 	4.711869e+02 	4.397110e+02 	4.116666e+02 	3.872772e+02 	3.665466e+02 	3.492883e+02 	3.351688e+02 	3.237579e+02 	3.145784e+02 	3.071502e+02 	3.010261e+02 	2.958169e+02 	2.912055e+02 	2.869516e+02 	2.828884e+02 	2.789124e+02 	2.749684e+02 	
1.830427e+02 	5.807142e+02 	5.426386e+02 	5.060093e+02 	4.716619e+02 	4.402587e+02 	4.122504e+02 	3.878621e+02 	3.671022e+02 	3.497910e+02 	3.356032e+02 	3.241163e+02 	3.148601e+02 	3.073605e+02 	3.011741e+02 	2.959140e+02 	2.912639e+02 	2.869831e+02 	2.829031e+02 	2.789179e+02 	2.749697e+02 	
1.860805e+02 	5.807931e+02 	5.428688e+02 	5.063730e+02 	4.721315e+02 	4.408005e+02 	4.128286e+02 	3.884421e+02 	3.676540e+02 	3.502913e+02 	3.360363e+02 	3.244745e+02 	3.151427e+02 	3.075722e+02 	3.013238e+02 	2.960130e+02 	2.913242e+02 	2.870162e+02 	2.829190e+02 	2.789243e+02 	2.749713e+02 	
1.891433e+02 	5.808709e+02 	5.430962e+02 	5.067323e+02 	4.725957e+02 	4.413367e+02 	4.134013e+02 	3.890174e+02 	3.682021e+02 	3.507891e+02 	3.364682e+02 	3.248326e+02 	3.154260e+02 	3.077853e+02 	3.014754e+02 	2.961140e+02 	2.913864e+02 	2.870509e+02 	2.829361e+02 	2.789314e+02 	2.749731e+02 	
1.922310e+02 	5.809478e+02 	5.433208e+02 	5.070873e+02 	4.730547e+02 	4.418672e+02 	4.139686e+02 	3.895879e+02 	3.687465e+02 	3.512843e+02 	3.368988e+02 	3.251905e+02 	3.157101e+02 	3.079998e+02 	3.016287e+02 	2.962168e+02 	2.914503e+02 	2.870872e+02 	2.829544e+02 	2.789392e+02 	2.749752e+02 	
1.953437e+02 	5.810237e+02 	5.435427e+02 	5.074381e+02 	4.735086e+02 	4.423922e+02 	4.145305e+02 	3.901537e+02 	3.692872e+02 	3.517771e+02 	3.373281e+02 	3.255483e+02 	3.159948e+02 	3.082156e+02 	3.017837e+02 	2.963214e+02 	2.915160e+02 	2.871250e+02 	2.829739e+02 	2.789478e+02 	2.749775e+02 	
1.984815e+02 	5.810987e+02 	5.437619e+02 	5.077848e+02 	4.739573e+02 	4.429117e+02 	4.150872e+02 	3.907149e+02 	3.698242e+02 	3.522674e+02 	3.377561e+02 	3.259057e+02 	3.162801e+02 	3.084327e+02 	3.019403e+02 	2.964279e+02 	2.915835e+02 	2.871643e+02 	2.829946e+02 	2.789572e+02 	2.749801e+02 	
